# JRE version: OpenJDK Runtime Environment (17.0.9) (build 17.0.9+0--11185874)
# Java VM: OpenJDK 64-Bit Server VM (17.0.9+0--11185874, mixed mode, tiered, compressed oops, compressed class ptrs, g1 gc, windows-amd64)
GC Precious Log:
 CPUs: 4 total, 4 available
 Memory: 16118M
 Large Page Support: Disabled
 NUMA Support: Disabled
 Compressed Oops: Enabled (32-bit)
 Heap Region Size: 1M
 Heap Min Capacity: 8M
 Heap Initial Capacity: 252M
 Heap Max Capacity: 2G
 Pre-touch: Disabled
 Parallel Workers: 4
 Concurrent Workers: 1
 Concurrent Refinement Workers: 4
 Periodic GC: Disabled
Heap:
 garbage-first heap   total 503808K, used 313695K [0x0000000080000000, 0x0000000100000000)
  region size 1024K, 5 young (5120K), 5 survivors (5120K)
 Metaspace       used 133300K, committed 134208K, reserved 1179648K
  class space    used 17856K, committed 18304K, reserved 1048576K
GC Heap History (20 events):
Event: 48.433 GC heap after
{Heap after GC invocations=85 (full 0):
 garbage-first heap   total 503808K, used 248553K [0x0000000080000000, 0x0000000100000000)
  region size 1024K, 7 young (7168K), 7 survivors (7168K)
 Metaspace       used 133186K, committed 134080K, reserved 1179648K
  class space    used 17849K, committed 18304K, reserved 1048576K
}
Event: 49.771 GC heap before
{Heap before GC invocations=85 (full 0):
 garbage-first heap   total 503808K, used 441065K [0x0000000080000000, 0x0000000100000000)
  region size 1024K, 195 young (199680K), 7 survivors (7168K)
 Metaspace       used 133192K, committed 134144K, reserved 1179648K
  class space    used 17850K, committed 18304K, reserved 1048576K
}
Event: 49.784 GC heap after
{Heap after GC invocations=86 (full 0):
 garbage-first heap   total 503808K, used 248862K [0x0000000080000000, 0x0000000100000000)
  region size 1024K, 8 young (8192K), 8 survivors (8192K)
 Metaspace       used 133192K, committed 134144K, reserved 1179648K
  class space    used 17850K, committed 18304K, reserved 1048576K
}
Event: 51.198 GC heap before
{Heap before GC invocations=86 (full 0):
 garbage-first heap   total 503808K, used 444446K [0x0000000080000000, 0x0000000100000000)
  region size 1024K, 197 young (201728K), 8 survivors (8192K)
 Metaspace       used 133226K, committed 134144K, reserved 1179648K
  class space    used 17850K, committed 18304K, reserved 1048576K
}
Event: 51.209 GC heap after
{Heap after GC invocations=87 (full 0):
 garbage-first heap   total 503808K, used 248553K [0x0000000080000000, 0x0000000100000000)
  region size 1024K, 7 young (7168K), 7 survivors (7168K)
 Metaspace       used 133226K, committed 134144K, reserved 1179648K
  class space    used 17850K, committed 18304K, reserved 1048576K
}
Event: 51.937 GC heap before
{Heap before GC invocations=87 (full 0):
 garbage-first heap   total 503808K, used 442089K [0x0000000080000000, 0x0000000100000000)
  region size 1024K, 197 young (201728K), 7 survivors (7168K)
 Metaspace       used 133252K, committed 134144K, reserved 1179648K
  class space    used 17852K, committed 18304K, reserved 1048576K
}
Event: 51.951 GC heap after
{Heap after GC invocations=88 (full 0):
 garbage-first heap   total 503808K, used 251946K [0x0000000080000000, 0x0000000100000000)
  region size 1024K, 11 young (11264K), 11 survivors (11264K)
 Metaspace       used 133252K, committed 134144K, reserved 1179648K
  class space    used 17852K, committed 18304K, reserved 1048576K
}
Event: 52.294 GC heap before
{Heap before GC invocations=88 (full 0):
 garbage-first heap   total 503808K, used 439338K [0x0000000080000000, 0x0000000100000000)
  region size 1024K, 194 young (198656K), 11 survivors (11264K)
 Metaspace       used 133270K, committed 134208K, reserved 1179648K
  class space    used 17853K, committed 18304K, reserved 1048576K
}
Event: 52.305 GC heap after
{Heap after GC invocations=89 (full 0):
 garbage-first heap   total 503808K, used 250033K [0x0000000080000000, 0x0000000100000000)
  region size 1024K, 9 young (9216K), 9 survivors (9216K)
 Metaspace       used 133270K, committed 134208K, reserved 1179648K
  class space    used 17853K, committed 18304K, reserved 1048576K
}
Event: 52.808 GC heap before
{Heap before GC invocations=89 (full 0):
 garbage-first heap   total 503808K, used 443569K [0x0000000080000000, 0x0000000100000000)
  region size 1024K, 196 young (200704K), 9 survivors (9216K)
 Metaspace       used 133281K, committed 134208K, reserved 1179648K
  class space    used 17853K, committed 18304K, reserved 1048576K
}
Event: 52.839 GC heap after
{Heap after GC invocations=90 (full 0):
 garbage-first heap   total 503808K, used 270158K [0x0000000080000000, 0x0000000100000000)
  region size 1024K, 25 young (25600K), 25 survivors (25600K)
 Metaspace       used 133281K, committed 134208K, reserved 1179648K
  class space    used 17853K, committed 18304K, reserved 1048576K
}
Event: 53.245 GC heap before
{Heap before GC invocations=90 (full 0):
 garbage-first heap   total 503808K, used 422734K [0x0000000080000000, 0x0000000100000000)
  region size 1024K, 175 young (179200K), 25 survivors (25600K)
 Metaspace       used 133293K, committed 134208K, reserved 1179648K
  class space    used 17855K, committed 18304K, reserved 1048576K
}
Event: 53.291 GC heap after
{Heap after GC invocations=91 (full 0):
 garbage-first heap   total 503808K, used 287385K [0x0000000080000000, 0x0000000100000000)
  region size 1024K, 22 young (22528K), 22 survivors (22528K)
 Metaspace       used 133293K, committed 134208K, reserved 1179648K
  class space    used 17855K, committed 18304K, reserved 1048576K
}
Event: 53.639 GC heap before
{Heap before GC invocations=91 (full 0):
 garbage-first heap   total 503808K, used 412313K [0x0000000080000000, 0x0000000100000000)
  region size 1024K, 144 young (147456K), 22 survivors (22528K)
 Metaspace       used 133296K, committed 134208K, reserved 1179648K
  class space    used 17855K, committed 18304K, reserved 1048576K
}
Event: 53.670 GC heap after
{Heap after GC invocations=92 (full 0):
 garbage-first heap   total 503808K, used 300032K [0x0000000080000000, 0x0000000100000000)
  region size 1024K, 13 young (13312K), 13 survivors (13312K)
 Metaspace       used 133296K, committed 134208K, reserved 1179648K
  class space    used 17855K, committed 18304K, reserved 1048576K
}
Event: 54.083 GC heap before
{Heap before GC invocations=92 (full 0):
 garbage-first heap   total 503808K, used 416768K [0x0000000080000000, 0x0000000100000000)
  region size 1024K, 127 young (130048K), 13 survivors (13312K)
 Metaspace       used 133299K, committed 134208K, reserved 1179648K
  class space    used 17856K, committed 18304K, reserved 1048576K
}
Event: 54.113 GC heap after
{Heap after GC invocations=93 (full 0):
 garbage-first heap   total 503808K, used 310784K [0x0000000080000000, 0x0000000100000000)
  region size 1024K, 11 young (11264K), 11 survivors (11264K)
 Metaspace       used 133299K, committed 134208K, reserved 1179648K
  class space    used 17856K, committed 18304K, reserved 1048576K
}
Event: 54.287 GC heap before
{Heap before GC invocations=93 (full 0):
 garbage-first heap   total 503808K, used 419328K [0x0000000080000000, 0x0000000100000000)
  region size 1024K, 117 young (119808K), 11 survivors (11264K)
 Metaspace       used 133299K, committed 134208K, reserved 1179648K
  class space    used 17856K, committed 18304K, reserved 1048576K
}
Event: 54.308 GC heap after
{Heap after GC invocations=94 (full 0):
 garbage-first heap   total 503808K, used 313344K [0x0000000080000000, 0x0000000100000000)
  region size 1024K, 5 young (5120K), 5 survivors (5120K)
 Metaspace       used 133299K, committed 134208K, reserved 1179648K
  class space    used 17856K, committed 18304K, reserved 1048576K
}
Event: 54.655 GC heap before
{Heap before GC invocations=94 (full 0):
 garbage-first heap   total 503808K, used 422912K [0x0000000080000000, 0x0000000100000000)
  region size 1024K, 112 young (114688K), 5 survivors (5120K)
 Metaspace       used 133300K, committed 134208K, reserved 1179648K
  class space    used 17856K, committed 18304K, reserved 1048576K
}

