# JRE version: OpenJDK Runtime Environment (17.0.9) (build 17.0.9+0--11185874)
# Java VM: OpenJDK 64-Bit Server VM (17.0.9+0--11185874, mixed mode, tiered, compressed oops, compressed class ptrs, g1 gc, windows-amd64)
GC Precious Log:
 CPUs: 4 total, 4 available
 Memory: 16118M
 Large Page Support: Disabled
 NUMA Support: Disabled
 Compressed Oops: Enabled (32-bit)
 Heap Region Size: 1M
 Heap Min Capacity: 8M
 Heap Initial Capacity: 252M
 Heap Max Capacity: 2G
 Pre-touch: Disabled
 Parallel Workers: 4
 Concurrent Workers: 1
 Concurrent Refinement Workers: 4
 Periodic GC: Disabled
Heap:
 garbage-first heap   total 82944K, used 59877K [0x0000000080000000, 0x0000000100000000)
  region size 1024K, 30 young (30720K), 4 survivors (4096K)
 Metaspace       used 59752K, committed 60352K, reserved 1114112K
  class space    used 8185K, committed 8448K, reserved 1048576K
GC Heap History (20 events):
Event: 2.115 GC heap before
{Heap before GC invocations=3 (full 0):
 garbage-first heap   total 258048K, used 59057K [0x0000000080000000, 0x0000000100000000)
  region size 1024K, 48 young (49152K), 3 survivors (3072K)
 Metaspace       used 21286K, committed 21504K, reserved 1114112K
  class space    used 2517K, committed 2624K, reserved 1048576K
}
Event: 2.121 GC heap after
{Heap after GC invocations=4 (full 0):
 garbage-first heap   total 258048K, used 18799K [0x0000000080000000, 0x0000000100000000)
  region size 1024K, 8 young (8192K), 8 survivors (8192K)
 Metaspace       used 21286K, committed 21504K, reserved 1114112K
  class space    used 2517K, committed 2624K, reserved 1048576K
}
Event: 2.615 GC heap before
{Heap before GC invocations=5 (full 0):
 garbage-first heap   total 68608K, used 51567K [0x0000000080000000, 0x0000000100000000)
  region size 1024K, 40 young (40960K), 8 survivors (8192K)
 Metaspace       used 26344K, committed 26688K, reserved 1114112K
  class space    used 3391K, committed 3584K, reserved 1048576K
}
Event: 2.621 GC heap after
{Heap after GC invocations=6 (full 0):
 garbage-first heap   total 68608K, used 20907K [0x0000000080000000, 0x0000000100000000)
  region size 1024K, 3 young (3072K), 3 survivors (3072K)
 Metaspace       used 26344K, committed 26688K, reserved 1114112K
  class space    used 3391K, committed 3584K, reserved 1048576K
}
Event: 3.267 GC heap before
{Heap before GC invocations=6 (full 0):
 garbage-first heap   total 68608K, used 47531K [0x0000000080000000, 0x0000000100000000)
  region size 1024K, 29 young (29696K), 3 survivors (3072K)
 Metaspace       used 30004K, committed 30336K, reserved 1114112K
  class space    used 4004K, committed 4160K, reserved 1048576K
}
Event: 3.270 GC heap after
{Heap after GC invocations=7 (full 0):
 garbage-first heap   total 68608K, used 22134K [0x0000000080000000, 0x0000000100000000)
  region size 1024K, 4 young (4096K), 4 survivors (4096K)
 Metaspace       used 30004K, committed 30336K, reserved 1114112K
  class space    used 4004K, committed 4160K, reserved 1048576K
}
Event: 3.584 GC heap before
{Heap before GC invocations=7 (full 0):
 garbage-first heap   total 68608K, used 49782K [0x0000000080000000, 0x0000000100000000)
  region size 1024K, 31 young (31744K), 4 survivors (4096K)
 Metaspace       used 33440K, committed 33728K, reserved 1114112K
  class space    used 4546K, committed 4672K, reserved 1048576K
}
Event: 3.591 GC heap after
{Heap after GC invocations=8 (full 0):
 garbage-first heap   total 68608K, used 23273K [0x0000000080000000, 0x0000000100000000)
  region size 1024K, 3 young (3072K), 3 survivors (3072K)
 Metaspace       used 33440K, committed 33728K, reserved 1114112K
  class space    used 4546K, committed 4672K, reserved 1048576K
}
Event: 3.910 GC heap before
{Heap before GC invocations=8 (full 0):
 garbage-first heap   total 68608K, used 35561K [0x0000000080000000, 0x0000000100000000)
  region size 1024K, 17 young (17408K), 3 survivors (3072K)
 Metaspace       used 35849K, committed 36096K, reserved 1114112K
  class space    used 4884K, committed 4992K, reserved 1048576K
}
Event: 3.915 GC heap after
{Heap after GC invocations=9 (full 0):
 garbage-first heap   total 68608K, used 23996K [0x0000000080000000, 0x0000000100000000)
  region size 1024K, 2 young (2048K), 2 survivors (2048K)
 Metaspace       used 35849K, committed 36096K, reserved 1114112K
  class space    used 4884K, committed 4992K, reserved 1048576K
}
Event: 4.404 GC heap before
{Heap before GC invocations=10 (full 0):
 garbage-first heap   total 68608K, used 51644K [0x0000000080000000, 0x0000000100000000)
  region size 1024K, 30 young (30720K), 2 survivors (2048K)
 Metaspace       used 41004K, committed 41344K, reserved 1114112K
  class space    used 5420K, committed 5568K, reserved 1048576K
}
Event: 4.411 GC heap after
{Heap after GC invocations=11 (full 0):
 garbage-first heap   total 68608K, used 27720K [0x0000000080000000, 0x0000000100000000)
  region size 1024K, 4 young (4096K), 4 survivors (4096K)
 Metaspace       used 41004K, committed 41344K, reserved 1114112K
  class space    used 5420K, committed 5568K, reserved 1048576K
}
Event: 4.697 GC heap before
{Heap before GC invocations=11 (full 0):
 garbage-first heap   total 68608K, used 52296K [0x0000000080000000, 0x0000000100000000)
  region size 1024K, 28 young (28672K), 4 survivors (4096K)
 Metaspace       used 41979K, committed 42432K, reserved 1114112K
  class space    used 5583K, committed 5824K, reserved 1048576K
}
Event: 4.704 GC heap after
{Heap after GC invocations=12 (full 0):
 garbage-first heap   total 82944K, used 29496K [0x0000000080000000, 0x0000000100000000)
  region size 1024K, 2 young (2048K), 2 survivors (2048K)
 Metaspace       used 41979K, committed 42432K, reserved 1114112K
  class space    used 5583K, committed 5824K, reserved 1048576K
}
Event: 5.232 GC heap before
{Heap before GC invocations=12 (full 0):
 garbage-first heap   total 82944K, used 63288K [0x0000000080000000, 0x0000000100000000)
  region size 1024K, 34 young (34816K), 2 survivors (2048K)
 Metaspace       used 46342K, committed 46720K, reserved 1114112K
  class space    used 6218K, committed 6400K, reserved 1048576K
}
Event: 5.236 GC heap after
{Heap after GC invocations=13 (full 0):
 garbage-first heap   total 82944K, used 31754K [0x0000000080000000, 0x0000000100000000)
  region size 1024K, 4 young (4096K), 4 survivors (4096K)
 Metaspace       used 46342K, committed 46720K, reserved 1114112K
  class space    used 6218K, committed 6400K, reserved 1048576K
}
Event: 6.059 GC heap before
{Heap before GC invocations=13 (full 0):
 garbage-first heap   total 82944K, used 62474K [0x0000000080000000, 0x0000000100000000)
  region size 1024K, 35 young (35840K), 4 survivors (4096K)
 Metaspace       used 50589K, committed 51008K, reserved 1114112K
  class space    used 6874K, committed 7040K, reserved 1048576K
}
Event: 6.063 GC heap after
{Heap after GC invocations=14 (full 0):
 garbage-first heap   total 82944K, used 33636K [0x0000000080000000, 0x0000000100000000)
  region size 1024K, 5 young (5120K), 5 survivors (5120K)
 Metaspace       used 50589K, committed 51008K, reserved 1114112K
  class space    used 6874K, committed 7040K, reserved 1048576K
}
Event: 6.761 GC heap before
{Heap before GC invocations=14 (full 0):
 garbage-first heap   total 82944K, used 63332K [0x0000000080000000, 0x0000000100000000)
  region size 1024K, 34 young (34816K), 5 survivors (5120K)
 Metaspace       used 54155K, committed 54656K, reserved 1114112K
  class space    used 7454K, committed 7680K, reserved 1048576K
}
Event: 6.774 GC heap after
{Heap after GC invocations=15 (full 0):
 garbage-first heap   total 82944K, used 35301K [0x0000000080000000, 0x0000000100000000)
  region size 1024K, 4 young (4096K), 4 survivors (4096K)
 Metaspace       used 54155K, committed 54656K, reserved 1114112K
  class space    used 7454K, committed 7680K, reserved 1048576K
}

